29s
Run cd apps/admin-client && npx tsc --noEmit
  
Error: src/components/examples/EventCard.tsx(12,9): error TS2322: Type '{ title: string; date: string; time: string; location: string; vibes: { label: string; icon: ForwardRefExoticComponent<Omit<LucideProps, "ref"> & RefAttributes<SVGSVGElement>>; }[]; ... 4 more ...; imageGradient: string; }' is not assignable to type 'IntrinsicAttributes & EventCardProps'.
  Property 'vibes' does not exist on type 'IntrinsicAttributes & EventCardProps'.
Error: src/components/examples/JoyEventCard.tsx(1,26): error TS2307: Cannot find module '../JoyEventCard' or its corresponding type declarations.
Error: src/components/examples/MobileHeader.tsx(4,41): error TS2322: Type '{ title: string; showNotification: boolean; }' is not assignable to type 'IntrinsicAttributes & MobileHeaderProps'.
  Property 'showNotification' does not exist on type 'IntrinsicAttributes & MobileHeaderProps'.
Error: src/lib/animationTestSimulation.ts(59,23): error TS2322: Type '"replay"' is not assignable to type '"view" | "complete"'.
Error: src/lib/animationTestSimulation.ts(60,21): error TS2345: Argument of type '{ type: "complete"; time: number; }' is not assignable to parameter of type '{ type: "view"; time: number; durationInAnimation: number; interactionPoint?: undefined; } | { type: "complete"; time: number; durationInAnimation: number; interactionPoint: string; }'.
  Type '{ type: "complete"; time: number; }' is missing the following properties from type '{ type: "complete"; time: number; durationInAnimation: number; interactionPoint: string; }': durationInAnimation, interactionPoint
Error: src/lib/animationTestSimulation.ts(64,23): error TS2322: Type '"share"' is not assignable to type '"view" | "complete"'.
Error: src/lib/animationTestSimulation.ts(172,5): error TS7053: Element implicitly has an 'any' type because expression of type 'any' can't be used to index type '{ '1\u661F': number; '2\u661F': number; '3\u661F': number; '4\u661F': number; '5\u661F': number; }'.
Error: Process completed with exit code 2.
